# JRE version: OpenJDK Runtime Environment (13.0.1+9) (build 13.0.1+9)
# Java VM: OpenJDK 64-Bit Server VM (13.0.1+9, mixed mode, sharing, tiered, compressed oops, g1 gc, bsd-amd64)
Heap:
 garbage-first heap   total 14336K, used 3250K [0x00000007e0000000, 0x0000000800000000)
  region size 1024K, 2 young (2048K), 0 survivors (0K)
 Metaspace       used 3371K, capacity 6231K, committed 6528K, reserved 1056768K
  class space    used 318K, capacity 612K, committed 640K, reserved 1048576K
GC Heap History (12 events):
Event: 36.754 GC heap before
{Heap before GC invocations=0 (full 0):
 garbage-first heap   total 264192K, used 6900K [0x00000007e0000000, 0x0000000800000000)
  region size 1024K, 8 young (8192K), 0 survivors (0K)
 Metaspace       used 2963K, capacity 6130K, committed 6272K, reserved 1056768K
  class space    used 290K, capacity 598K, committed 640K, reserved 1048576K
}
Event: 36.761 GC heap after
{Heap after GC invocations=1 (full 1):
 garbage-first heap   total 27648K, used 2178K [0x00000007e0000000, 0x0000000800000000)
  region size 1024K, 0 young (0K), 0 survivors (0K)
 Metaspace       used 2963K, capacity 6130K, committed 6272K, reserved 1056768K
  class space    used 290K, capacity 598K, committed 640K, reserved 1048576K
}
Event: 81.462 GC heap before
{Heap before GC invocations=1 (full 1):
 garbage-first heap   total 27648K, used 2178K [0x00000007e0000000, 0x0000000800000000)
  region size 1024K, 1 young (1024K), 0 survivors (0K)
 Metaspace       used 3092K, capacity 6154K, committed 6272K, reserved 1056768K
  class space    used 304K, capacity 608K, committed 640K, reserved 1048576K
}
Event: 81.470 GC heap after
{Heap after GC invocations=2 (full 2):
 garbage-first heap   total 14336K, used 2212K [0x00000007e0000000, 0x0000000800000000)
  region size 1024K, 0 young (0K), 0 survivors (0K)
 Metaspace       used 3092K, capacity 6154K, committed 6272K, reserved 1056768K
  class space    used 304K, capacity 608K, committed 640K, reserved 1048576K
}
Event: 118.736 GC heap before
{Heap before GC invocations=2 (full 2):
 garbage-first heap   total 14336K, used 2212K [0x00000007e0000000, 0x0000000800000000)
  region size 1024K, 1 young (1024K), 0 survivors (0K)
 Metaspace       used 3099K, capacity 6154K, committed 6272K, reserved 1056768K
  class space    used 304K, capacity 608K, committed 640K, reserved 1048576K
}
Event: 118.749 GC heap after
{Heap after GC invocations=3 (full 3):
 garbage-first heap   total 14336K, used 2212K [0x00000007e0000000, 0x0000000800000000)
  region size 1024K, 0 young (0K), 0 survivors (0K)
 Metaspace       used 3099K, capacity 6154K, committed 6272K, reserved 1056768K
  class space    used 304K, capacity 608K, committed 640K, reserved 1048576K
}
Event: 139.580 GC heap before
{Heap before GC invocations=3 (full 3):
 garbage-first heap   total 14336K, used 2212K [0x00000007e0000000, 0x0000000800000000)
  region size 1024K, 1 young (1024K), 0 survivors (0K)
 Metaspace       used 3105K, capacity 6154K, committed 6272K, reserved 1056768K
  class space    used 304K, capacity 608K, committed 640K, reserved 1048576K
}
Event: 139.593 GC heap after
{Heap after GC invocations=4 (full 4):
 garbage-first heap   total 14336K, used 2220K [0x00000007e0000000, 0x0000000800000000)
  region size 1024K, 0 young (0K), 0 survivors (0K)
 Metaspace       used 3105K, capacity 6154K, committed 6272K, reserved 1056768K
  class space    used 304K, capacity 608K, committed 640K, reserved 1048576K
}
Event: 316.286 GC heap before
{Heap before GC invocations=4 (full 4):
 garbage-first heap   total 14336K, used 2220K [0x00000007e0000000, 0x0000000800000000)
  region size 1024K, 1 young (1024K), 0 survivors (0K)
 Metaspace       used 3196K, capacity 6160K, committed 6272K, reserved 1056768K
  class space    used 313K, capacity 610K, committed 640K, reserved 1048576K
}
Event: 316.300 GC heap after
{Heap after GC invocations=5 (full 5):
 garbage-first heap   total 14336K, used 2218K [0x00000007e0000000, 0x0000000800000000)
  region size 1024K, 0 young (0K), 0 survivors (0K)
 Metaspace       used 3196K, capacity 6160K, committed 6272K, reserved 1056768K
  class space    used 313K, capacity 610K, committed 640K, reserved 1048576K
}
Event: 330.259 GC heap before
{Heap before GC invocations=5 (full 5):
 garbage-first heap   total 14336K, used 2218K [0x00000007e0000000, 0x0000000800000000)
  region size 1024K, 1 young (1024K), 0 survivors (0K)
 Metaspace       used 3204K, capacity 6160K, committed 6272K, reserved 1056768K
  class space    used 313K, capacity 610K, committed 640K, reserved 1048576K
}
Event: 330.271 GC heap after
{Heap after GC invocations=6 (full 6):
 garbage-first heap   total 14336K, used 2226K [0x00000007e0000000, 0x0000000800000000)
  region size 1024K, 0 young (0K), 0 survivors (0K)
 Metaspace       used 3204K, capacity 6160K, committed 6272K, reserved 1056768K
  class space    used 313K, capacity 610K, committed 640K, reserved 1048576K
}

